<?xml version="1.0" encoding="UTF-8" ?>
<testsuites errors="0"
            failures="0"
            tests="1">

  <testsuite name="clothingTest"
    errors="0" failures="0" hostname="" id="" package="clothingTest" skipped="0"
    tests="1" time="6.506" timestamp="">
  
    <testcase name="Search and Filter" classname="clothingTest" time="6.506" assertions="15">

    

    

    

    

    

    

    

    

    

    

    

    

    

    

    
    </testcase>
  

  

  
  </testsuite>
</testsuites>
