<?xml version="1.0" encoding="UTF-8" ?>
<testsuites errors="1"
            failures="0"
            tests="2">

  <testsuite name="clothingTest"
    errors="1" failures="0" hostname="" id="" package="clothingTest" skipped="0"
    tests="2" time="16.00" timestamp="">
  
    <testcase name="Search and Filter" classname="clothingTest" time="8.700" assertions="15">

    

    

    

    

    

    

    

    

    

    

    

    

    

    

    
    </testcase>
  
    <testcase name="Mens shoe add and remove " classname="clothingTest" time="7.305" assertions="3">

    

    

    
    </testcase>
  

  

  
  </testsuite>
</testsuites>
