<?xml version="1.0" encoding="UTF-8" ?>
<testsuites errors="1"
            failures="0"
            tests="0">

  <testsuite name="clothingTest"
    errors="1" failures="0" hostname="" id="" package="clothingTest" skipped="2"
    tests="0" time="0.000" timestamp="">
  

  

  
    
    <testcase
      name="Search and Filter" classname="clothingTest">
      <skipped />
    </testcase>
    
    <testcase
      name="Mens shoe add and remove " classname="clothingTest">
      <skipped />
    </testcase>
    
  
  </testsuite>
</testsuites>
